<?xml version="1.0" encoding="UTF-8"?>
<!-- Generated by org.testng.reporters.JUnitXMLReporter -->
<testsuite ignored="1" hostname="Sony-PC" failures="0" tests="5" name="Default test" time="0.233" errors="0" timestamp="2021-11-13T15:35:59 IST">
  <testcase classname="ExtentReports.ExtentReports_Example" name="@BeforeTest startReport" time="-1.636797959217E9">
    <failure type="org.testng.TestNGException" message="
Parameter &amp;apos;OS&amp;apos; is required by BeforeTest on method startReport but has not been marked @Optional or defined
in C:\Users\Sony\AppData\Local\Temp\testng-eclipse--1917280221\testng-customsuite.xml">
      <![CDATA[org.testng.TestNGException: 
Parameter 'OS' is required by BeforeTest on method startReport but has not been marked @Optional or defined
in C:\Users\Sony\AppData\Local\Temp\testng-eclipse--1917280221\testng-customsuite.xml
at org.testng.internal.Parameters.createParams(Parameters.java:270)
at org.testng.internal.Parameters.createParametersForMethod(Parameters.java:358)
at org.testng.internal.Parameters.createParameters(Parameters.java:700)
at org.testng.internal.Parameters.createConfigurationParameters(Parameters.java:168)
at org.testng.internal.ConfigInvoker.invokeConfigurations(ConfigInvoker.java:302)
at org.testng.TestRunner.invokeTestConfigurations(TestRunner.java:637)
at org.testng.TestRunner.beforeRun(TestRunner.java:627)
at org.testng.TestRunner.run(TestRunner.java:589)
at org.testng.SuiteRunner.runTest(SuiteRunner.java:377)
at org.testng.SuiteRunner.runSequentially(SuiteRunner.java:371)
at org.testng.SuiteRunner.privateRun(SuiteRunner.java:332)
at org.testng.SuiteRunner.run(SuiteRunner.java:276)
at org.testng.SuiteRunnerWorker.runSuite(SuiteRunnerWorker.java:53)
at org.testng.SuiteRunnerWorker.run(SuiteRunnerWorker.java:96)
at org.testng.TestNG.runSuitesSequentially(TestNG.java:1212)
at org.testng.TestNG.runSuitesLocally(TestNG.java:1134)
at org.testng.TestNG.runSuites(TestNG.java:1063)
at org.testng.TestNG.run(TestNG.java:1031)
at org.testng.remote.AbstractRemoteTestNG.run(AbstractRemoteTestNG.java:115)
at org.testng.remote.RemoteTestNG.initAndRun(RemoteTestNG.java:251)
at org.testng.remote.RemoteTestNG.main(RemoteTestNG.java:77)
]]>
    </failure>
  </testcase> <!-- @BeforeTest startReport -->
  <testcase classname="ExtentReports.ExtentReports_Example" name="@AfterMethod getResult" time="-1.636797959312E9">
    <skipped/>
  </testcase> <!-- @AfterMethod getResult -->
  <testcase classname="ExtentReports.ExtentReports_Example" name="@AfterMethod getResult" time="-1.636797959334E9">
    <skipped/>
  </testcase> <!-- @AfterMethod getResult -->
  <testcase classname="ExtentReports.ExtentReports_Example" name="@AfterMethod getResult" time="-1.636797959344E9">
    <skipped/>
  </testcase> <!-- @AfterMethod getResult -->
  <testcase classname="ExtentReports.ExtentReports_Example" name="@AfterMethod getResult" time="-1.636797959407E9">
    <skipped/>
  </testcase> <!-- @AfterMethod getResult -->
  <testcase classname="ExtentReports.ExtentReports_Example" name="@AfterMethod getResult" time="-1.636797959426E9">
    <skipped/>
  </testcase> <!-- @AfterMethod getResult -->
  <testcase classname="ExtentReports.ExtentReports_Example" name="@AfterTest tearDown" time="-1.636797959434E9">
    <skipped/>
  </testcase> <!-- @AfterTest tearDown -->
  <testcase classname="ExtentReports.ExtentReports_Example" name="testCase1" time="0.0">
    <skipped/>
  </testcase> <!-- testCase1 -->
  <testcase classname="ExtentReports.ExtentReports_Example" name="testCase2" time="0.0">
    <skipped/>
  </testcase> <!-- testCase2 -->
  <testcase classname="ExtentReports.ExtentReports_Example" name="testCase3" time="0.0">
    <skipped/>
  </testcase> <!-- testCase3 -->
  <testcase classname="ExtentReports.ExtentReports_Example" name="testCase4" time="0.0">
    <skipped/>
  </testcase> <!-- testCase4 -->
  <testcase classname="ExtentReports.ExtentReports_Example" name="testCase5" time="0.0">
    <skipped/>
  </testcase> <!-- testCase5 -->
  <testcase classname="ExtentReports.ExtentReports_Example" name="testCase6" time="0.0">
    <ignored/>
  </testcase> <!-- testCase6 -->
</testsuite> <!-- Default test -->
